<?xml version="1.0" encoding="UTF-8"?>
<!-- Generated by org.testng.reporters.JUnitReportReporter -->
<testsuite hostname="DESKTOP-D9B0V8D" failures="0" tests="7" name="testCases.TC_003_login_data_driven" time="75.447" errors="0" timestamp="2024-08-13T09:29:36 IST" skipped="0">
  <testcase classname="testCases.TC_003_login_data_driven" name="verify_login_ddt" time="12.503"/>
  <testcase classname="testCases.TC_003_login_data_driven" name="verify_login_ddt" time="3.720"/>
  <testcase classname="testCases.TC_003_login_data_driven" name="verify_login_ddt" time="9.874"/>
  <testcase classname="testCases.TC_003_login_data_driven" name="verify_login_ddt" time="12.893"/>
  <testcase classname="testCases.TC_003_login_data_driven" name="verify_login_ddt" time="12.179"/>
  <testcase classname="testCases.TC_003_login_data_driven" name="verify_login_ddt" time="12.532"/>
  <testcase classname="testCases.TC_003_login_data_driven" name="verify_login_ddt" time="11.746"/>
</testsuite> <!-- testCases.TC_003_login_data_driven -->
