<?xml version="1.0" encoding="UTF-8"?>
<!-- Generated by org.testng.reporters.JUnitReportReporter -->
<testsuite hostname="DESKTOP-D9B0V8D" failures="0" tests="1" name="testCases.TC_001" time="4.913" errors="0" timestamp="2024-09-02T11:57:27 IST" skipped="0">
  <testcase classname="testCases.TC_001" name="account_registration" time="4.913"/>
</testsuite> <!-- testCases.TC_001 -->
